c:\development\university\computação gráfica\aula-02\00_hello_triangle\x64\debug\vc142.pdb
c:\development\university\computação gráfica\aula-02\00_hello_triangle\x64\debug\vc142.idb
c:\development\university\computação gráfica\aula-02\00_hello_triangle\x64\debug\gl3w.obj
c:\development\university\computação gráfica\aula-02\00_hello_triangle\x64\debug\00_hellotriangle.obj
c:\development\university\computação gráfica\aula-02\00_hello_triangle\x64\debug\01_hellotriangle_two_buffers.obj
c:\development\university\computação gráfica\aula-02\00_hello_triangle\x64\debug\gl_utils.obj
c:\development\university\computação gráfica\aula-02\00_hello_triangle\x64\debug\nativecodeanalysis.read.1.tlog
c:\development\university\computação gráfica\aula-02\00_hello_triangle\x64\debug\01_hellotriangle_two_buffers.nativecodeanalysis.xml
c:\development\university\computação gráfica\aula-02\00_hello_triangle\x64\debug\gl3w.nativecodeanalysis.xml
c:\development\university\computação gráfica\aula-02\00_hello_triangle\x64\debug\gl_utils.nativecodeanalysis.xml
c:\development\university\computação gráfica\aula-02\00_hello_triangle\x64\debug\vc.nativecodeanalysis.all.xml
c:\development\university\computação gráfica\aula-02\x64\debug\00_hellotriangle.pdb
c:\development\university\computação gráfica\aula-02\x64\debug\00_hellotriangle.exe
c:\development\university\computação gráfica\aula-02\x64\debug\00_hellotriangle.ilk
c:\development\university\computação gráfica\aula-02\00_hello_triangle\x64\debug\00_hellotriangle.tlog\cl.command.1.tlog
c:\development\university\computação gráfica\aula-02\00_hello_triangle\x64\debug\00_hellotriangle.tlog\cl.read.1.tlog
c:\development\university\computação gráfica\aula-02\00_hello_triangle\x64\debug\00_hellotriangle.tlog\cl.write.1.tlog
c:\development\university\computação gráfica\aula-02\00_hello_triangle\x64\debug\00_hellotriangle.tlog\link.command.1.tlog
c:\development\university\computação gráfica\aula-02\00_hello_triangle\x64\debug\00_hellotriangle.tlog\link.read.1.tlog
c:\development\university\computação gráfica\aula-02\00_hello_triangle\x64\debug\00_hellotriangle.tlog\link.write.1.tlog
